#
# There is insufficient memory for the Java Runtime Environment to continue.
# Native memory allocation (malloc) failed to allocate 186016 bytes for Chunk::new
# Possible reasons:
#   The system is out of physical RAM or swap space
#   The process is running with CompressedOops enabled, and the Java Heap may be blocking the growth of the native heap
# Possible solutions:
#   Reduce memory load on the system
#   Increase physical memory or swap space
#   Check if swap backing store is full
#   Decrease Java heap size (-Xmx/-Xms)
#   Decrease number of Java threads
#   Decrease Java thread stack sizes (-Xss)
#   Set larger code cache with -XX:ReservedCodeCacheSize=
#   JVM is running with Unscaled Compressed Oops mode in which the Java heap is
#     placed in the first 4GB address space. The Java Heap base address is the
#     maximum limit for the native heap growth. Please use -XX:HeapBaseMinAddress
#     to set the Java Heap base and to place the Java Heap above 4GB virtual address.
# This output file may be truncated or incomplete.
#
#  Out of Memory Error (arena.cpp:189), pid=15400, tid=5528
#
# JRE version: OpenJDK Runtime Environment Temurin-17.0.4.1+1 (17.0.4.1+1) (build 17.0.4.1+1)
# Java VM: OpenJDK 64-Bit Server VM Temurin-17.0.4.1+1 (17.0.4.1+1, mixed mode, tiered, compressed oops, compressed class ptrs, g1 gc, windows-amd64)
# No core dump will be written. Minidumps are not enabled by default on client versions of Windows
#

---------------  S U M M A R Y ------------

Command Line: -Dfile.encoding=UTF-8 -XX:+ShowCodeDetailsInExceptionMessages com.abacus.academy.AbacusApplication

Host: Intel(R) Core(TM) i5-8265U CPU @ 1.60GHz, 8 cores, 7G,  Windows 11 , 64 bit Build 22000 (10.0.22000.708)
Time: Tue Sep 27 12:54:21 2022 India Standard Time elapsed time: 8.843047 seconds (0d 0h 0m 8s)

---------------  T H R E A D  ---------------

Current thread (0x000002b877f609d0):  JavaThread "C2 CompilerThread1" daemon [_thread_in_native, id=5528, stack(0x000000ed9b900000,0x000000ed9ba00000)]


Current CompileTask:
C2:   8843 6125       4       io.github.classgraph.ClasspathElementZip::scanPaths (879 bytes)

Stack: [0x000000ed9b900000,0x000000ed9ba00000]
Native frames: (J=compiled Java code, j=interpreted, Vv=VM code, C=native code)
V  [jvm.dll+0x67731a]
V  [jvm.dll+0x832284]
V  [jvm.dll+0x833a2e]
V  [jvm.dll+0x834093]
V  [jvm.dll+0x245775]
V  [jvm.dll+0xabd7b]
V  [jvm.dll+0xac30c]
V  [jvm.dll+0x2ac80f]
V  [jvm.dll+0x57dd77]
V  [jvm.dll+0x220892]
V  [jvm.dll+0x219d3f]
V  [jvm.dll+0x21799b]
V  [jvm.dll+0x1a3f8d]
V  [jvm.dll+0x227498]
V  [jvm.dll+0x2255e5]
V  [jvm.dll+0x7e7e9b]
V  [jvm.dll+0x7e240a]
V  [jvm.dll+0x6761a5]
C  [ucrtbase.dll+0x26c0c]
C  [KERNEL32.DLL+0x154e0]
C  [ntdll.dll+0x485b]


---------------  P R O C E S S  ---------------

Threads class SMR info:
_java_thread_list=0x000002b87a1d0a90, length=22, elements={
0x000002b8580bd860, 0x000002b874028010, 0x000002b874028bc0, 0x000002b874014e60,
0x000002b874015720, 0x000002b8740161f0, 0x000002b874c155a0, 0x000002b874c33350,
0x000002b874c34400, 0x000002b874c459c0, 0x000002b874d9a550, 0x000002b874dc0730,
0x000002b8761bd030, 0x000002b8753e8070, 0x000002b877f609d0, 0x000002b879f5aaa0,
0x000002b879f3c840, 0x000002b87857f600, 0x000002b878a2f9d0, 0x000002b87899ce10,
0x000002b87899ac60, 0x000002b8789f6270
}

Java Threads: ( => current thread )
  0x000002b8580bd860 JavaThread "main" [_thread_blocked, id=17372, stack(0x000000ed99e00000,0x000000ed99f00000)]
  0x000002b874028010 JavaThread "Reference Handler" daemon [_thread_blocked, id=17184, stack(0x000000ed9a500000,0x000000ed9a600000)]
  0x000002b874028bc0 JavaThread "Finalizer" daemon [_thread_blocked, id=15856, stack(0x000000ed9a600000,0x000000ed9a700000)]
  0x000002b874014e60 JavaThread "Signal Dispatcher" daemon [_thread_blocked, id=13572, stack(0x000000ed9a700000,0x000000ed9a800000)]
  0x000002b874015720 JavaThread "Attach Listener" daemon [_thread_blocked, id=10188, stack(0x000000ed9a800000,0x000000ed9a900000)]
  0x000002b8740161f0 JavaThread "Service Thread" daemon [_thread_blocked, id=16592, stack(0x000000ed9a900000,0x000000ed9aa00000)]
  0x000002b874c155a0 JavaThread "Monitor Deflation Thread" daemon [_thread_blocked, id=11820, stack(0x000000ed9aa00000,0x000000ed9ab00000)]
  0x000002b874c33350 JavaThread "C2 CompilerThread0" daemon [_thread_in_native, id=8632, stack(0x000000ed9ab00000,0x000000ed9ac00000)]
  0x000002b874c34400 JavaThread "C1 CompilerThread0" daemon [_thread_blocked, id=12772, stack(0x000000ed9ac00000,0x000000ed9ad00000)]
  0x000002b874c459c0 JavaThread "Sweeper thread" daemon [_thread_blocked, id=17260, stack(0x000000ed9ad00000,0x000000ed9ae00000)]
  0x000002b874d9a550 JavaThread "Notification Thread" daemon [_thread_blocked, id=13524, stack(0x000000ed9ae00000,0x000000ed9af00000)]
  0x000002b874dc0730 JavaThread "Common-Cleaner" daemon [_thread_blocked, id=3144, stack(0x000000ed9b000000,0x000000ed9b100000)]
  0x000002b8761bd030 JavaThread "Thread-0" [_thread_blocked, id=11080, stack(0x000000ed9b100000,0x000000ed9b200000)]
  0x000002b8753e8070 JavaThread "restartedMain" [_thread_blocked, id=9244, stack(0x000000ed9b200000,0x000000ed9b300000)]
=>0x000002b877f609d0 JavaThread "C2 CompilerThread1" daemon [_thread_in_native, id=5528, stack(0x000000ed9b900000,0x000000ed9ba00000)]
  0x000002b879f5aaa0 JavaThread "Catalina-utility-1" [_thread_blocked, id=1040, stack(0x000000ed9bb00000,0x000000ed9bc00000)]
  0x000002b879f3c840 JavaThread "Catalina-utility-2" [_thread_blocked, id=10608, stack(0x000000ed9be00000,0x000000ed9bf00000)]
  0x000002b87857f600 JavaThread "container-0" [_thread_blocked, id=8180, stack(0x000000ed9bf00000,0x000000ed9c000000)]
  0x000002b878a2f9d0 JavaThread "mysql-cj-abandoned-connection-cleanup" daemon [_thread_blocked, id=1452, stack(0x000000ed9c000000,0x000000ed9c100000)]
  0x000002b87899ce10 JavaThread "HikariPool-1 housekeeper" daemon [_thread_blocked, id=10136, stack(0x000000ed9c100000,0x000000ed9c200000)]
  0x000002b87899ac60 JavaThread "HikariPool-1 connection adder" daemon [_thread_blocked, id=2820, stack(0x000000ed9c200000,0x000000ed9c300000)]
  0x000002b8789f6270 JavaThread "C2 CompilerThread2" daemon [_thread_in_native, id=8992, stack(0x000000ed9c300000,0x000000ed9c400000)]

Other Threads:
  0x000002b873fea710 VMThread "VM Thread" [stack: 0x000000ed9a400000,0x000000ed9a500000] [id=14712]
  0x000002b874d9aa20 WatcherThread [stack: 0x000000ed9af00000,0x000000ed9b000000] [id=10324]
  0x000002b8581199e0 GCTaskThread "GC Thread#0" [stack: 0x000000ed99f00000,0x000000ed9a000000] [id=13896]
  0x000002b875372ff0 GCTaskThread "GC Thread#1" [stack: 0x000000ed9b300000,0x000000ed9b400000] [id=516]
  0x000002b8762463e0 GCTaskThread "GC Thread#2" [stack: 0x000000ed9b400000,0x000000ed9b500000] [id=576]
  0x000002b876318600 GCTaskThread "GC Thread#3" [stack: 0x000000ed9b500000,0x000000ed9b600000] [id=572]
  0x000002b8763188b0 GCTaskThread "GC Thread#4" [stack: 0x000000ed9b600000,0x000000ed9b700000] [id=184]
  0x000002b876318b60 GCTaskThread "GC Thread#5" [stack: 0x000000ed9b700000,0x000000ed9b800000] [id=568]
  0x000002b8755f91a0 GCTaskThread "GC Thread#6" [stack: 0x000000ed9b800000,0x000000ed9b900000] [id=11396]
  0x000002b87696c380 GCTaskThread "GC Thread#7" [stack: 0x000000ed9bc00000,0x000000ed9bd00000] [id=7736]
  0x000002b85812aea0 ConcurrentGCThread "G1 Main Marker" [stack: 0x000000ed9a000000,0x000000ed9a100000] [id=8612]
  0x000002b85812b8b0 ConcurrentGCThread "G1 Conc#0" [stack: 0x000000ed9a100000,0x000000ed9a200000] [id=13000]
  0x000002b876669310 ConcurrentGCThread "G1 Conc#1" [stack: 0x000000ed9bd00000,0x000000ed9be00000] [id=6160]
  0x000002b858187380 ConcurrentGCThread "G1 Refine#0" [stack: 0x000000ed9a200000,0x000000ed9a300000] [id=12736]
  0x000002b858187c40 ConcurrentGCThread "G1 Service" [stack: 0x000000ed9a300000,0x000000ed9a400000] [id=7244]

Threads with active compile tasks:
C2 CompilerThread0     9031 6023 %     4       nonapi.io.github.classgraph.fastzipfilereader.LogicalZipFile::parseManifest @ 967 (1070 bytes)
C2 CompilerThread1     9031 6125       4       io.github.classgraph.ClasspathElementZip::scanPaths (879 bytes)
C2 CompilerThread2     9031 6170       4       org.springframework.beans.factory.support.AbstractBeanFactory::isTypeMatch (607 bytes)

VM state: at safepoint (normal execution)

VM Mutex/Monitor currently owned by a thread:  ([mutex/lock_event])
[0x000002b8580b8b20] Threads_lock - owner thread: 0x000002b873fea710
[0x000002b8580b9540] Heap_lock - owner thread: 0x000002b8753e8070

Heap address: 0x0000000081c00000, size: 2020 MB, Compressed Oops mode: 32-bit

CDS archive(s) not mapped
Compressed class space mapped at: 0x0000000100000000-0x0000000140000000, reserved size: 1073741824
Narrow klass base: 0x0000000000000000, Narrow klass shift: 3, Narrow klass range: 0x140000000

GC Precious Log:
 CPUs: 8 total, 8 available
 Memory: 8079M
 Large Page Support: Disabled
 NUMA Support: Disabled
 Compressed Oops: Enabled (32-bit)
 Heap Region Size: 1M
 Heap Min Capacity: 8M
 Heap Initial Capacity: 128M
 Heap Max Capacity: 2020M
 Pre-touch: Disabled
 Parallel Workers: 8
 Concurrent Workers: 2
 Concurrent Refinement Workers: 8
 Periodic GC: Disabled

Heap:
 garbage-first heap   total 96256K, used 48689K [0x0000000081c00000, 0x0000000100000000)
  region size 1024K, 1 young (1024K), 1 survivors (1024K)
 Metaspace       used 68625K, committed 69056K, reserved 1114112K
  class space    used 8698K, committed 8896K, reserved 1048576K

Heap Regions: E=young(eden), S=young(survivor), O=old, HS=humongous(starts), HC=humongous(continues), CS=collection set, F=free, OA=open archive, CA=closed archive, TAMS=top-at-mark-start (previous, next)
|   0|0x0000000081c00000, 0x0000000081d00000, 0x0000000081d00000|100%|HS|  |TAMS 0x0000000081d00000, 0x0000000081c00000| Complete 
|   1|0x0000000081d00000, 0x0000000081e00000, 0x0000000081e00000|100%| O|  |TAMS 0x0000000081e00000, 0x0000000081d00000| Untracked 
|   2|0x0000000081e00000, 0x0000000081f00000, 0x0000000081f00000|100%| O|  |TAMS 0x0000000081f00000, 0x0000000081e00000| Untracked 
|   3|0x0000000081f00000, 0x0000000082000000, 0x0000000082000000|100%| O|  |TAMS 0x0000000082000000, 0x0000000081f00000| Untracked 
|   4|0x0000000082000000, 0x0000000082100000, 0x0000000082100000|100%| O|  |TAMS 0x0000000082100000, 0x0000000082000000| Untracked 
|   5|0x0000000082100000, 0x0000000082200000, 0x0000000082200000|100%| O|  |TAMS 0x0000000082200000, 0x0000000082100000| Untracked 
|   6|0x0000000082200000, 0x0000000082300000, 0x0000000082300000|100%| O|  |TAMS 0x0000000082300000, 0x0000000082200000| Untracked 
|   7|0x0000000082300000, 0x0000000082400000, 0x0000000082400000|100%| O|  |TAMS 0x0000000082400000, 0x0000000082300000| Untracked 
|   8|0x0000000082400000, 0x0000000082500000, 0x0000000082500000|100%| O|  |TAMS 0x0000000082500000, 0x0000000082400000| Untracked 
|   9|0x0000000082500000, 0x0000000082600000, 0x0000000082600000|100%| O|  |TAMS 0x0000000082600000, 0x0000000082500000| Untracked 
|  10|0x0000000082600000, 0x0000000082700000, 0x0000000082700000|100%| O|  |TAMS 0x0000000082700000, 0x0000000082600000| Untracked 
|  11|0x0000000082700000, 0x0000000082800000, 0x0000000082800000|100%| O|  |TAMS 0x0000000082800000, 0x0000000082700000| Untracked 
|  12|0x0000000082800000, 0x0000000082900000, 0x0000000082900000|100%| O|  |TAMS 0x0000000082900000, 0x0000000082800000| Untracked 
|  13|0x0000000082900000, 0x0000000082a00000, 0x0000000082a00000|100%| O|  |TAMS 0x0000000082a00000, 0x0000000082900000| Untracked 
|  14|0x0000000082a00000, 0x0000000082b00000, 0x0000000082b00000|100%| O|  |TAMS 0x0000000082b00000, 0x0000000082a00000| Untracked 
|  15|0x0000000082b00000, 0x0000000082c00000, 0x0000000082c00000|100%| O|  |TAMS 0x0000000082c00000, 0x0000000082b00000| Untracked 
|  16|0x0000000082c00000, 0x0000000082d00000, 0x0000000082d00000|100%| O|  |TAMS 0x0000000082d00000, 0x0000000082c00000| Untracked 
|  17|0x0000000082d00000, 0x0000000082e00000, 0x0000000082e00000|100%| O|  |TAMS 0x0000000082e00000, 0x0000000082d00000| Untracked 
|  18|0x0000000082e00000, 0x0000000082f00000, 0x0000000082f00000|100%| O|  |TAMS 0x0000000082f00000, 0x0000000082e00000| Untracked 
|  19|0x0000000082f00000, 0x0000000083000000, 0x0000000083000000|100%| O|  |TAMS 0x0000000083000000, 0x0000000082f00000| Untracked 
|  20|0x0000000083000000, 0x0000000083100000, 0x0000000083100000|100%| O|  |TAMS 0x0000000083100000, 0x0000000083000000| Untracked 
|  21|0x0000000083100000, 0x0000000083200000, 0x0000000083200000|100%| O|  |TAMS 0x0000000083200000, 0x0000000083100000| Untracked 
|  22|0x0000000083200000, 0x0000000083300000, 0x0000000083300000|100%| O|  |TAMS 0x0000000083300000, 0x0000000083200000| Untracked 
|  23|0x0000000083300000, 0x0000000083400000, 0x0000000083400000|100%| O|  |TAMS 0x0000000083400000, 0x0000000083300000| Untracked 
|  24|0x0000000083400000, 0x0000000083400000, 0x0000000083500000|  0%| F|  |TAMS 0x0000000083400000, 0x0000000083400000| Untracked 
|  25|0x0000000083500000, 0x0000000083600000, 0x0000000083600000|100%| O|  |TAMS 0x0000000083600000, 0x0000000083500000| Untracked 
|  26|0x0000000083600000, 0x0000000083600000, 0x0000000083700000|  0%| F|  |TAMS 0x0000000083600000, 0x0000000083600000| Untracked 
|  27|0x0000000083700000, 0x0000000083800000, 0x0000000083800000|100%| O|  |TAMS 0x0000000083800000, 0x0000000083700000| Untracked 
|  28|0x0000000083800000, 0x0000000083900000, 0x0000000083900000|100%| O|  |TAMS 0x0000000083900000, 0x0000000083800000| Untracked 
|  29|0x0000000083900000, 0x0000000083a00000, 0x0000000083a00000|100%| O|  |TAMS 0x0000000083a00000, 0x0000000083900000| Untracked 
|  30|0x0000000083a00000, 0x0000000083a00000, 0x0000000083b00000|  0%| F|  |TAMS 0x0000000083a00000, 0x0000000083a00000| Untracked 
|  31|0x0000000083b00000, 0x0000000083b00000, 0x0000000083c00000|  0%| F|  |TAMS 0x0000000083b00000, 0x0000000083b00000| Untracked 
|  32|0x0000000083c00000, 0x0000000083c00000, 0x0000000083d00000|  0%| F|  |TAMS 0x0000000083c00000, 0x0000000083c00000| Untracked 
|  33|0x0000000083d00000, 0x0000000083d00000, 0x0000000083e00000|  0%| F|  |TAMS 0x0000000083d00000, 0x0000000083d00000| Untracked 
|  34|0x0000000083e00000, 0x0000000083f00000, 0x0000000083f00000|100%| O|  |TAMS 0x0000000083e00000, 0x0000000083e00000| Untracked 
|  35|0x0000000083f00000, 0x0000000084000000, 0x0000000084000000|100%| O|  |TAMS 0x0000000084000000, 0x0000000083f00000| Untracked 
|  36|0x0000000084000000, 0x0000000084100000, 0x0000000084100000|100%| O|  |TAMS 0x0000000084100000, 0x0000000084000000| Untracked 
|  37|0x0000000084100000, 0x0000000084200000, 0x0000000084200000|100%| O|  |TAMS 0x0000000084100000, 0x0000000084100000| Untracked 
|  38|0x0000000084200000, 0x0000000084300000, 0x0000000084300000|100%| O|  |TAMS 0x0000000084200000, 0x0000000084200000| Untracked 
|  39|0x0000000084300000, 0x0000000084400000, 0x0000000084400000|100%| O|  |TAMS 0x0000000084300000, 0x0000000084300000| Untracked 
|  40|0x0000000084400000, 0x0000000084500000, 0x0000000084500000|100%| O|  |TAMS 0x0000000084400000, 0x0000000084400000| Untracked 
|  41|0x0000000084500000, 0x0000000084600000, 0x0000000084600000|100%| O|  |TAMS 0x0000000084500000, 0x0000000084500000| Untracked 
|  42|0x0000000084600000, 0x0000000084700000, 0x0000000084700000|100%| O|  |TAMS 0x0000000084600000, 0x0000000084600000| Untracked 
|  43|0x0000000084700000, 0x0000000084800000, 0x0000000084800000|100%| O|  |TAMS 0x0000000084700000, 0x0000000084700000| Untracked 
|  44|0x0000000084800000, 0x0000000084900000, 0x0000000084900000|100%| O|  |TAMS 0x0000000084800000, 0x0000000084800000| Untracked 
|  45|0x0000000084900000, 0x0000000084a00000, 0x0000000084a00000|100%| O|  |TAMS 0x0000000084900000, 0x0000000084900000| Untracked 
|  46|0x0000000084a00000, 0x0000000084b00000, 0x0000000084b00000|100%| O|  |TAMS 0x0000000084a00000, 0x0000000084a00000| Untracked 
|  47|0x0000000084b00000, 0x0000000084c00000, 0x0000000084c00000|100%| O|  |TAMS 0x0000000084b00000, 0x0000000084b00000| Untracked 
|  48|0x0000000084c00000, 0x0000000084d00000, 0x0000000084d00000|100%| O|  |TAMS 0x0000000084c00000, 0x0000000084c00000| Untracked 
|  49|0x0000000084d00000, 0x0000000084e00000, 0x0000000084e00000|100%| O|  |TAMS 0x0000000084d00000, 0x0000000084d00000| Untracked 
|  50|0x0000000084e00000, 0x0000000084f00000, 0x0000000084f00000|100%| O|  |TAMS 0x0000000084e00000, 0x0000000084e00000| Untracked 
|  51|0x0000000084f00000, 0x0000000085000000, 0x0000000085000000|100%| O|  |TAMS 0x0000000084f00000, 0x0000000084f00000| Untracked 
|  52|0x0000000085000000, 0x00000000850e7800, 0x0000000085100000| 90%| O|  |TAMS 0x0000000085000000, 0x0000000085000000| Untracked 
|  53|0x0000000085100000, 0x0000000085100000, 0x0000000085200000|  0%| F|  |TAMS 0x0000000085100000, 0x0000000085100000| Untracked 
|  54|0x0000000085200000, 0x0000000085200000, 0x0000000085300000|  0%| F|  |TAMS 0x0000000085200000, 0x0000000085200000| Untracked 
|  55|0x0000000085300000, 0x0000000085300000, 0x0000000085400000|  0%| F|  |TAMS 0x0000000085300000, 0x0000000085300000| Untracked 
|  56|0x0000000085400000, 0x0000000085400000, 0x0000000085500000|  0%| F|  |TAMS 0x0000000085400000, 0x0000000085400000| Untracked 
|  57|0x0000000085500000, 0x0000000085500000, 0x0000000085600000|  0%| F|  |TAMS 0x0000000085500000, 0x0000000085500000| Untracked 
|  58|0x0000000085600000, 0x0000000085600000, 0x0000000085700000|  0%| F|  |TAMS 0x0000000085600000, 0x0000000085600000| Untracked 
|  59|0x0000000085700000, 0x0000000085700000, 0x0000000085800000|  0%| F|  |TAMS 0x0000000085700000, 0x0000000085700000| Untracked 
|  60|0x0000000085800000, 0x0000000085800000, 0x0000000085900000|  0%| F|  |TAMS 0x0000000085800000, 0x0000000085800000| Untracked 
|  61|0x0000000085900000, 0x0000000085900000, 0x0000000085a00000|  0%| F|  |TAMS 0x0000000085900000, 0x0000000085900000| Untracked 
|  62|0x0000000085a00000, 0x0000000085a00000, 0x0000000085b00000|  0%| F|  |TAMS 0x0000000085a00000, 0x0000000085a00000| Untracked 
|  63|0x0000000085b00000, 0x0000000085b00000, 0x0000000085c00000|  0%| F|  |TAMS 0x0000000085b00000, 0x0000000085b00000| Untracked 
|  64|0x0000000085c00000, 0x0000000085c00000, 0x0000000085d00000|  0%| F|  |TAMS 0x0000000085c00000, 0x0000000085c00000| Untracked 
|  65|0x0000000085d00000, 0x0000000085d00000, 0x0000000085e00000|  0%| F|  |TAMS 0x0000000085d00000, 0x0000000085d00000| Untracked 
|  66|0x0000000085e00000, 0x0000000085e00000, 0x0000000085f00000|  0%| F|  |TAMS 0x0000000085e00000, 0x0000000085e00000| Untracked 
|  67|0x0000000085f00000, 0x0000000085f00000, 0x0000000086000000|  0%| F|  |TAMS 0x0000000085f00000, 0x0000000085f00000| Untracked 
|  68|0x0000000086000000, 0x0000000086000000, 0x0000000086100000|  0%| F|  |TAMS 0x0000000086000000, 0x0000000086000000| Untracked 
|  69|0x0000000086100000, 0x0000000086100000, 0x0000000086200000|  0%| F|  |TAMS 0x0000000086100000, 0x0000000086100000| Untracked 
|  70|0x0000000086200000, 0x0000000086200000, 0x0000000086300000|  0%| F|  |TAMS 0x0000000086200000, 0x0000000086200000| Untracked 
|  71|0x0000000086300000, 0x0000000086300000, 0x0000000086400000|  0%| F|  |TAMS 0x0000000086300000, 0x0000000086300000| Untracked 
|  72|0x0000000086400000, 0x0000000086400000, 0x0000000086500000|  0%| F|  |TAMS 0x0000000086400000, 0x0000000086400000| Untracked 
|  73|0x0000000086500000, 0x0000000086500000, 0x0000000086600000|  0%| F|  |TAMS 0x0000000086500000, 0x0000000086500000| Untracked 
|  74|0x0000000086600000, 0x0000000086600000, 0x0000000086700000|  0%| F|  |TAMS 0x0000000086600000, 0x0000000086600000| Untracked 
|  75|0x0000000086700000, 0x0000000086700000, 0x0000000086800000|  0%| F|  |TAMS 0x0000000086700000, 0x0000000086700000| Untracked 
|  76|0x0000000086800000, 0x0000000086800000, 0x0000000086900000|  0%| F|  |TAMS 0x0000000086800000, 0x0000000086800000| Untracked 
|  77|0x0000000086900000, 0x0000000086900000, 0x0000000086a00000|  0%| F|  |TAMS 0x0000000086900000, 0x0000000086900000| Untracked 
|  78|0x0000000086a00000, 0x0000000086a00000, 0x0000000086b00000|  0%| F|  |TAMS 0x0000000086a00000, 0x0000000086a00000| Untracked 
|  79|0x0000000086b00000, 0x0000000086b00000, 0x0000000086c00000|  0%| F|  |TAMS 0x0000000086b00000, 0x0000000086b00000| Untracked 
|  80|0x0000000086c00000, 0x0000000086c00000, 0x0000000086d00000|  0%| F|  |TAMS 0x0000000086c00000, 0x0000000086c00000| Untracked 
|  81|0x0000000086d00000, 0x0000000086d00000, 0x0000000086e00000|  0%| F|  |TAMS 0x0000000086d00000, 0x0000000086d00000| Untracked 
|  82|0x0000000086e00000, 0x0000000086e00000, 0x0000000086f00000|  0%| F|  |TAMS 0x0000000086e00000, 0x0000000086e00000| Untracked 
|  83|0x0000000086f00000, 0x0000000086f00000, 0x0000000087000000|  0%| F|  |TAMS 0x0000000086f00000, 0x0000000086f00000| Untracked 
|  84|0x0000000087000000, 0x0000000087000000, 0x0000000087100000|  0%| F|  |TAMS 0x0000000087000000, 0x0000000087000000| Untracked 
|  85|0x0000000087100000, 0x0000000087100000, 0x0000000087200000|  0%| F|  |TAMS 0x0000000087100000, 0x0000000087100000| Untracked 
|  86|0x0000000087200000, 0x0000000087200000, 0x0000000087300000|  0%| F|  |TAMS 0x0000000087200000, 0x0000000087200000| Untracked 
|  87|0x0000000087300000, 0x0000000087300000, 0x0000000087400000|  0%| F|  |TAMS 0x0000000087300000, 0x0000000087300000| Untracked 
|  88|0x0000000087400000, 0x0000000087400000, 0x0000000087500000|  0%| F|  |TAMS 0x0000000087400000, 0x0000000087400000| Untracked 
|  89|0x0000000087500000, 0x0000000087500000, 0x0000000087600000|  0%| F|  |TAMS 0x0000000087500000, 0x0000000087500000| Untracked 
|  96|0x0000000087c00000, 0x0000000087c00000, 0x0000000087d00000|  0%| F|  |TAMS 0x0000000087c00000, 0x0000000087c00000| Untracked 
|  97|0x0000000087d00000, 0x0000000087d00000, 0x0000000087e00000|  0%| F|  |TAMS 0x0000000087d00000, 0x0000000087d00000| Untracked 
| 126|0x0000000089a00000, 0x0000000089aa4c60, 0x0000000089b00000| 64%| S|CS|TAMS 0x0000000089a00000, 0x0000000089a00000| Complete 
| 127|0x0000000089b00000, 0x0000000089b00000, 0x0000000089c00000|  0%| F|  |TAMS 0x0000000089b00000, 0x0000000089b00000| Untracked 

Card table byte_map: [0x000002b86ce00000,0x000002b86d200000] _byte_map_base: 0x000002b86c9f2000

Marking Bits (Prev, Next): (CMBitMap*) 0x000002b85811a030, (CMBitMap*) 0x000002b858119ff0
 Prev Bits: [0x000002b86f590000, 0x000002b871520000)
 Next Bits: [0x000002b86d600000, 0x000002b86f590000)

Polling page: 0x000002b858190000

Metaspace:

Usage:
  Non-class:     58.52 MB used.
      Class:      8.49 MB used.
       Both:     67.02 MB used.

Virtual space:
  Non-class space:       64.00 MB reserved,      58.75 MB ( 92%) committed,  8 nodes.
      Class space:        1.00 GB reserved,       8.69 MB ( <1%) committed,  1 nodes.
             Both:        1.06 GB reserved,      67.44 MB (  6%) committed. 

Chunk freelists:
   Non-Class:  1.22 MB
       Class:  3.28 MB
        Both:  4.50 MB

MaxMetaspaceSize: unlimited
CompressedClassSpaceSize: 1.00 GB
Initial GC threshold: 21.00 MB
Current GC threshold: 110.44 MB
CDS: off
MetaspaceReclaimPolicy: balanced
 - commit_granule_bytes: 65536.
 - commit_granule_words: 8192.
 - virtual_space_node_default_size: 1048576.
 - enlarge_chunks_in_place: 1.
 - new_chunks_are_fully_committed: 0.
 - uncommit_free_chunks: 1.
 - use_allocation_guard: 0.
 - handle_deallocations: 1.


Internal statistics:

num_allocs_failed_limit: 6.
num_arena_births: 496.
num_arena_deaths: 0.
num_vsnodes_births: 9.
num_vsnodes_deaths: 0.
num_space_committed: 1079.
num_space_uncommitted: 0.
num_chunks_returned_to_freelist: 6.
num_chunks_taken_from_freelist: 2625.
num_chunk_merges: 6.
num_chunk_splits: 1814.
num_chunks_enlarged: 1403.
num_purges: 0.
num_inconsistent_stats: 0.

CodeHeap 'non-profiled nmethods': size=120000Kb used=3517Kb max_used=3517Kb free=116482Kb
 bounds [0x000002b864a70000, 0x000002b864de0000, 0x000002b86bfa0000]
CodeHeap 'profiled nmethods': size=120000Kb used=11680Kb max_used=11680Kb free=108319Kb
 bounds [0x000002b85d540000, 0x000002b85e0b0000, 0x000002b864a70000]
CodeHeap 'non-nmethods': size=5760Kb used=1320Kb max_used=1422Kb free=4439Kb
 bounds [0x000002b85cfa0000, 0x000002b85d210000, 0x000002b85d540000]
 total_blobs=6109 nmethods=5466 adapters=555
 compilation: enabled
              stopped_count=0, restarted_count=0
 full_count=0

Compilation events (20 events):
Event: 8.786 Thread 0x000002b874c34400 6204       2       java.lang.reflect.Executable::sharedGetParameterAnnotations (96 bytes)
Event: 8.787 Thread 0x000002b874c34400 nmethod 6204 0x000002b85e07ca90 code [0x000002b85e07cce0, 0x000002b85e07d438]
Event: 8.787 Thread 0x000002b874c34400 6206       2       org.springframework.core.MethodParameter::computeParameterType (59 bytes)
Event: 8.787 Thread 0x000002b874c34400 nmethod 6206 0x000002b85e07d810 code [0x000002b85e07d9e0, 0x000002b85e07dbd8]
Event: 8.787 Thread 0x000002b874c34400 6207       2       org.springframework.core.ResolvableType::forMethodParameter (40 bytes)
Event: 8.787 Thread 0x000002b874c34400 nmethod 6207 0x000002b85e07dd10 code [0x000002b85e07df00, 0x000002b85e07e288]
Event: 8.789 Thread 0x000002b874c34400 6208       2       org.springframework.web.context.support.ServletContextAwareProcessor::postProcessAfterInitialization (2 bytes)
Event: 8.789 Thread 0x000002b874c34400 nmethod 6208 0x000002b85e07e510 code [0x000002b85e07e6a0, 0x000002b85e07e7b8]
Event: 8.789 Thread 0x000002b874c34400 6209       2       org.springframework.context.support.ApplicationListenerDetector::postProcessAfterInitialization (122 bytes)
Event: 8.790 Thread 0x000002b874c34400 nmethod 6209 0x000002b85e07e890 code [0x000002b85e07eb20, 0x000002b85e07f278]
Event: 8.790 Thread 0x000002b874c34400 6210   !   2       org.springframework.context.expression.StandardBeanExpressionResolver::evaluate (227 bytes)
Event: 8.791 Thread 0x000002b874c34400 nmethod 6210 0x000002b85e07f790 code [0x000002b85e07fb20, 0x000002b85e080cb8]
Event: 8.792 Thread 0x000002b874c34400 6211       2       org.springframework.boot.web.servlet.context.WebApplicationContextServletContextAwareProcessor::getServletContext (23 bytes)
Event: 8.793 Thread 0x000002b874c34400 nmethod 6211 0x000002b85e081c10 code [0x000002b85e081de0, 0x000002b85e082018]
Event: 8.793 Thread 0x000002b874c34400 6212       2       org.springframework.context.support.PostProcessorRegistrationDelegate$BeanPostProcessorChecker::postProcessAfterInitialization (91 bytes)
Event: 8.793 Thread 0x000002b874c34400 nmethod 6212 0x000002b85e082110 code [0x000002b85e082360, 0x000002b85e082848]
Event: 8.796 Thread 0x000002b874c34400 6214       2       org.springframework.core.annotation.AnnotationTypeMapping::addConventionAnnotationValues (112 bytes)
Event: 8.797 Thread 0x000002b874c34400 nmethod 6214 0x000002b85e082c10 code [0x000002b85e082e00, 0x000002b85e083208]
Event: 8.797 Thread 0x000002b874c34400 6216       2       org.springframework.boot.context.properties.bind.JavaBeanBinder$Bean::addField (27 bytes)
Event: 8.797 Thread 0x000002b874c34400 nmethod 6216 0x000002b85e083510 code [0x000002b85e0836c0, 0x000002b85e0838a8]

GC Heap History (20 events):
Event: 7.363 GC heap before
{Heap before GC invocations=21 (full 0):
 garbage-first heap   total 48128K, used 38587K [0x0000000081c00000, 0x0000000100000000)
  region size 1024K, 18 young (18432K), 3 survivors (3072K)
 Metaspace       used 62103K, committed 62528K, reserved 1105920K
  class space    used 7885K, committed 8064K, reserved 1048576K
}
Event: 7.366 GC heap after
{Heap after GC invocations=22 (full 0):
 garbage-first heap   total 48128K, used 23763K [0x0000000081c00000, 0x0000000100000000)
  region size 1024K, 2 young (2048K), 2 survivors (2048K)
 Metaspace       used 62103K, committed 62528K, reserved 1105920K
  class space    used 7885K, committed 8064K, reserved 1048576K
}
Event: 7.551 GC heap before
{Heap before GC invocations=22 (full 0):
 garbage-first heap   total 48128K, used 39123K [0x0000000081c00000, 0x0000000100000000)
  region size 1024K, 17 young (17408K), 2 survivors (2048K)
 Metaspace       used 63234K, committed 63680K, reserved 1105920K
  class space    used 8026K, committed 8256K, reserved 1048576K
}
Event: 7.554 GC heap after
{Heap after GC invocations=23 (full 0):
 garbage-first heap   total 48128K, used 24502K [0x0000000081c00000, 0x0000000100000000)
  region size 1024K, 2 young (2048K), 2 survivors (2048K)
 Metaspace       used 63234K, committed 63680K, reserved 1105920K
  class space    used 8026K, committed 8256K, reserved 1048576K
}
Event: 7.672 GC heap before
{Heap before GC invocations=24 (full 0):
 garbage-first heap   total 48128K, used 38838K [0x0000000081c00000, 0x0000000100000000)
  region size 1024K, 16 young (16384K), 2 survivors (2048K)
 Metaspace       used 63436K, committed 63808K, reserved 1105920K
  class space    used 8059K, committed 8256K, reserved 1048576K
}
Event: 7.674 GC heap after
{Heap after GC invocations=25 (full 0):
 garbage-first heap   total 48128K, used 25290K [0x0000000081c00000, 0x0000000100000000)
  region size 1024K, 2 young (2048K), 2 survivors (2048K)
 Metaspace       used 63436K, committed 63808K, reserved 1105920K
  class space    used 8059K, committed 8256K, reserved 1048576K
}
Event: 7.965 GC heap before
{Heap before GC invocations=25 (full 0):
 garbage-first heap   total 48128K, used 38602K [0x0000000081c00000, 0x0000000100000000)
  region size 1024K, 15 young (15360K), 2 survivors (2048K)
 Metaspace       used 65205K, committed 65600K, reserved 1105920K
  class space    used 8306K, committed 8512K, reserved 1048576K
}
Event: 7.968 GC heap after
{Heap after GC invocations=26 (full 0):
 garbage-first heap   total 58368K, used 26460K [0x0000000081c00000, 0x0000000100000000)
  region size 1024K, 2 young (2048K), 2 survivors (2048K)
 Metaspace       used 65205K, committed 65600K, reserved 1105920K
  class space    used 8306K, committed 8512K, reserved 1048576K
}
Event: 8.298 GC heap before
{Heap before GC invocations=27 (full 0):
 garbage-first heap   total 58368K, used 48988K [0x0000000081c00000, 0x0000000100000000)
  region size 1024K, 23 young (23552K), 2 survivors (2048K)
 Metaspace       used 67306K, committed 67712K, reserved 1114112K
  class space    used 8555K, committed 8768K, reserved 1048576K
}
Event: 8.302 GC heap after
{Heap after GC invocations=28 (full 0):
 garbage-first heap   total 58368K, used 30661K [0x0000000081c00000, 0x0000000100000000)
  region size 1024K, 3 young (3072K), 3 survivors (3072K)
 Metaspace       used 67306K, committed 67712K, reserved 1114112K
  class space    used 8555K, committed 8768K, reserved 1048576K
}
Event: 8.360 GC heap before
{Heap before GC invocations=28 (full 0):
 garbage-first heap   total 58368K, used 46021K [0x0000000081c00000, 0x0000000100000000)
  region size 1024K, 19 young (19456K), 3 survivors (3072K)
 Metaspace       used 67380K, committed 67776K, reserved 1114112K
  class space    used 8558K, committed 8768K, reserved 1048576K
}
Event: 8.365 GC heap after
{Heap after GC invocations=29 (full 0):
 garbage-first heap   total 58368K, used 33008K [0x0000000081c00000, 0x0000000100000000)
  region size 1024K, 3 young (3072K), 3 survivors (3072K)
 Metaspace       used 67380K, committed 67776K, reserved 1114112K
  class space    used 8558K, committed 8768K, reserved 1048576K
}
Event: 8.432 GC heap before
{Heap before GC invocations=30 (full 0):
 garbage-first heap   total 66560K, used 41200K [0x0000000081c00000, 0x0000000100000000)
  region size 1024K, 12 young (12288K), 3 survivors (3072K)
 Metaspace       used 67515K, committed 67968K, reserved 1114112K
  class space    used 8569K, committed 8768K, reserved 1048576K
}
Event: 8.437 GC heap after
{Heap after GC invocations=31 (full 0):
 garbage-first heap   total 66560K, used 36326K [0x0000000081c00000, 0x0000000100000000)
  region size 1024K, 2 young (2048K), 2 survivors (2048K)
 Metaspace       used 67515K, committed 67968K, reserved 1114112K
  class space    used 8569K, committed 8768K, reserved 1048576K
}
Event: 8.504 GC heap before
{Heap before GC invocations=32 (full 0):
 garbage-first heap   total 78848K, used 48614K [0x0000000081c00000, 0x0000000100000000)
  region size 1024K, 14 young (14336K), 2 survivors (2048K)
 Metaspace       used 67547K, committed 67968K, reserved 1114112K
  class space    used 8569K, committed 8768K, reserved 1048576K
}
Event: 8.509 GC heap after
{Heap after GC invocations=33 (full 0):
 garbage-first heap   total 78848K, used 38912K [0x0000000081c00000, 0x0000000100000000)
  region size 1024K, 2 young (2048K), 2 survivors (2048K)
 Metaspace       used 67547K, committed 67968K, reserved 1114112K
  class space    used 8569K, committed 8768K, reserved 1048576K
}
Event: 8.619 GC heap before
{Heap before GC invocations=33 (full 0):
 garbage-first heap   total 78848K, used 57344K [0x0000000081c00000, 0x0000000100000000)
  region size 1024K, 20 young (20480K), 2 survivors (2048K)
 Metaspace       used 67572K, committed 67968K, reserved 1114112K
  class space    used 8569K, committed 8768K, reserved 1048576K
}
Event: 8.623 GC heap after
{Heap after GC invocations=34 (full 0):
 garbage-first heap   total 78848K, used 44299K [0x0000000081c00000, 0x0000000100000000)
  region size 1024K, 3 young (3072K), 3 survivors (3072K)
 Metaspace       used 67572K, committed 67968K, reserved 1114112K
  class space    used 8569K, committed 8768K, reserved 1048576K
}
Event: 8.680 GC heap before
{Heap before GC invocations=34 (full 0):
 garbage-first heap   total 96256K, used 58635K [0x0000000081c00000, 0x0000000100000000)
  region size 1024K, 17 young (17408K), 3 survivors (3072K)
 Metaspace       used 67577K, committed 67968K, reserved 1114112K
  class space    used 8569K, committed 8768K, reserved 1048576K
}
Event: 8.683 GC heap after
{Heap after GC invocations=35 (full 0):
 garbage-first heap   total 96256K, used 47845K [0x0000000081c00000, 0x0000000100000000)
  region size 1024K, 3 young (3072K), 3 survivors (3072K)
 Metaspace       used 67577K, committed 67968K, reserved 1114112K
  class space    used 8569K, committed 8768K, reserved 1048576K
}

Deoptimization events (20 events):
Event: 8.718 Thread 0x000002b87899bfa0 DEOPT PACKING pc=0x000002b85dbf6d5a sp=0x000000ed9c8fed80
Event: 8.718 Thread 0x000002b87899bfa0 DEOPT UNPACKING pc=0x000002b85cff2b43 sp=0x000000ed9c8fe370 mode 0
Event: 8.720 Thread 0x000002b87899dc80 DEOPT PACKING pc=0x000002b85dbf6d5a sp=0x000000ed9ccfea80
Event: 8.720 Thread 0x000002b87899dc80 DEOPT UNPACKING pc=0x000002b85cff2b43 sp=0x000000ed9ccfe070 mode 0
Event: 8.720 Thread 0x000002b87899bad0 DEOPT PACKING pc=0x000002b85dbf6d5a sp=0x000000ed9c4fed80
Event: 8.720 Thread 0x000002b87899bad0 DEOPT UNPACKING pc=0x000002b85cff2b43 sp=0x000000ed9c4fe370 mode 0
Event: 8.721 Thread 0x000002b87899e150 DEOPT PACKING pc=0x000002b85dbf6d5a sp=0x000000ed9c7fef40
Event: 8.721 Thread 0x000002b87899e150 DEOPT UNPACKING pc=0x000002b85cff2b43 sp=0x000000ed9c7fe530 mode 0
Event: 8.727 Thread 0x000002b8753e8070 Uncommon trap: trap_request=0xffffffde fr.pc=0x000002b864bfeb14 relative=0x00000000000012f4
Event: 8.727 Thread 0x000002b8753e8070 Uncommon trap: reason=class_check action=maybe_recompile pc=0x000002b864bfeb14 method=java.util.Properties$LineReader.readLine()I @ 479 c2
Event: 8.727 Thread 0x000002b8753e8070 DEOPT PACKING pc=0x000002b864bfeb14 sp=0x000000ed9b2fcce0
Event: 8.727 Thread 0x000002b8753e8070 DEOPT UNPACKING pc=0x000002b85cff23a3 sp=0x000000ed9b2fcc78 mode 2
Event: 8.735 Thread 0x000002b8753e8070 Uncommon trap: trap_request=0xffffff45 fr.pc=0x000002b864d9a32c relative=0x00000000000063ec
Event: 8.735 Thread 0x000002b8753e8070 Uncommon trap: reason=unstable_if action=reinterpret pc=0x000002b864d9a32c method=org.springframework.core.annotation.TypeMappedAnnotations$MergedAnnotationFinder.process(Ljava/lang/Object;ILjava/lang/Object;Ljava/lang/annotation/Annotation;)Lorg/springfr
Event: 8.736 Thread 0x000002b8753e8070 DEOPT PACKING pc=0x000002b864d9a32c sp=0x000000ed9b2fcab0
Event: 8.736 Thread 0x000002b8753e8070 DEOPT UNPACKING pc=0x000002b85cff23a3 sp=0x000000ed9b2fca48 mode 2
Event: 8.749 Thread 0x000002b8753e8070 Uncommon trap: trap_request=0xfffffff4 fr.pc=0x000002b864c03d50 relative=0x00000000000011b0
Event: 8.749 Thread 0x000002b8753e8070 Uncommon trap: reason=null_check action=make_not_entrant pc=0x000002b864c03d50 method=org.springframework.beans.factory.support.DefaultSingletonBeanRegistry.getSingleton(Ljava/lang/String;Z)Ljava/lang/Object; @ 90 c2
Event: 8.749 Thread 0x000002b8753e8070 DEOPT PACKING pc=0x000002b864c03d50 sp=0x000000ed9b2fd8f0
Event: 8.749 Thread 0x000002b8753e8070 DEOPT UNPACKING pc=0x000002b85cff23a3 sp=0x000000ed9b2fd898 mode 2

Classes unloaded (0 events):
No events

Classes redefined (0 events):
No events

Internal exceptions (20 events):
Event: 7.537 Thread 0x000002b8753e8070 Exception <a 'java/lang/ClassNotFoundException'{0x0000000083ef4840}: com/abacus/academy/model/UserModelCustomizer> (0x0000000083ef4840) 
thrown [s\src\hotspot\share\classfile\systemDictionary.cpp, line 256]
Event: 7.541 Thread 0x000002b8753e8070 Exception <a 'java/lang/ClassNotFoundException'{0x0000000083d36878}: java/lang/ObjectCustomizer> (0x0000000083d36878) 
thrown [s\src\hotspot\share\classfile\systemDictionary.cpp, line 256]
Event: 7.541 Thread 0x000002b8753e8070 Exception <a 'java/lang/ClassNotFoundException'{0x0000000083d3fea0}: com/abacus/academy/model/AdmissionModelCustomizer> (0x0000000083d3fea0) 
thrown [s\src\hotspot\share\classfile\systemDictionary.cpp, line 256]
Event: 7.577 Thread 0x000002b8753e8070 Exception <a 'java/lang/ClassNotFoundException'{0x0000000087d85a18}: java/lang/ObjectCustomizer> (0x0000000087d85a18) 
thrown [s\src\hotspot\share\classfile\systemDictionary.cpp, line 256]
Event: 7.581 Thread 0x000002b8753e8070 Exception <a 'java/lang/ClassNotFoundException'{0x0000000087d8f0f8}: com/abacus/academy/model/LoginModelCustomizer> (0x0000000087d8f0f8) 
thrown [s\src\hotspot\share\classfile\systemDictionary.cpp, line 256]
Event: 7.653 Thread 0x000002b8753e8070 Exception <a 'java/lang/ClassNotFoundException'{0x0000000083e0f298}: java/lang/ObjectCustomizer> (0x0000000083e0f298) 
thrown [s\src\hotspot\share\classfile\systemDictionary.cpp, line 256]
Event: 7.654 Thread 0x000002b8753e8070 Exception <a 'java/lang/ClassNotFoundException'{0x0000000083e174e8}: org/springframework/web/servlet/config/annotation/WebMvcConfigurationSupportCustomizer> (0x0000000083e174e8) 
thrown [s\src\hotspot\share\classfile\systemDictionary.cpp, line 256]
Event: 7.654 Thread 0x000002b8753e8070 Exception <a 'java/lang/ClassNotFoundException'{0x0000000083e2bb20}: org/springframework/web/servlet/config/annotation/DelegatingWebMvcConfigurationCustomizer> (0x0000000083e2bb20) 
thrown [s\src\hotspot\share\classfile\systemDictionary.cpp, line 256]
Event: 7.655 Thread 0x000002b8753e8070 Exception <a 'java/lang/ClassNotFoundException'{0x0000000083e353f0}: org/springframework/boot/autoconfigure/web/servlet/WebMvcAutoConfiguration$EnableWebMvcConfigurationCustomizer> (0x0000000083e353f0) 
thrown [s\src\hotspot\share\classfile\systemDictionary.cpp, line 256]
Event: 7.656 Thread 0x000002b8753e8070 Exception <a 'java/lang/ClassNotFoundException'{0x0000000083e47c48}: org/springframework/context/ResourceLoaderAwareCustomizer> (0x0000000083e47c48) 
thrown [s\src\hotspot\share\classfile\systemDictionary.cpp, line 256]
Event: 7.657 Thread 0x000002b8753e8070 Exception <a 'java/lang/ClassNotFoundException'{0x0000000083e4d008}: org/springframework/beans/factory/AwareCustomizer> (0x0000000083e4d008) 
thrown [s\src\hotspot\share\classfile\systemDictionary.cpp, line 256]
Event: 7.657 Thread 0x000002b8753e8070 Exception <a 'java/lang/ClassNotFoundException'{0x0000000083e517d0}: org/springframework/context/ApplicationContextAwareCustomizer> (0x0000000083e517d0) 
thrown [s\src\hotspot\share\classfile\systemDictionary.cpp, line 256]
Event: 7.657 Thread 0x000002b8753e8070 Exception <a 'java/lang/ClassNotFoundException'{0x0000000083e57680}: org/springframework/beans/factory/AwareCustomizer> (0x0000000083e57680) 
thrown [s\src\hotspot\share\classfile\systemDictionary.cpp, line 256]
Event: 7.657 Thread 0x000002b8753e8070 Exception <a 'java/lang/ClassNotFoundException'{0x0000000083e5be20}: org/springframework/web/context/ServletContextAwareCustomizer> (0x0000000083e5be20) 
thrown [s\src\hotspot\share\classfile\systemDictionary.cpp, line 256]
Event: 7.658 Thread 0x000002b8753e8070 Exception <a 'java/lang/ClassNotFoundException'{0x0000000083e61618}: org/springframework/beans/factory/AwareCustomizer> (0x0000000083e61618) 
thrown [s\src\hotspot\share\classfile\systemDictionary.cpp, line 256]
Event: 7.962 Thread 0x000002b8753e8070 Exception <a 'java/lang/NoSuchMethodError'{0x0000000083ec31c8}: 'void java.lang.invoke.DirectMethodHandle$Holder.invokeVirtual(java.lang.Object, java.lang.Object, int)'> (0x0000000083ec31c8) 
thrown [s\src\hotspot\share\interpreter\linkResolver.cpp, line 759]
Event: 7.963 Thread 0x000002b8753e8070 Exception <a 'java/lang/NoSuchMethodError'{0x0000000083eddb78}: 'void java.lang.invoke.DirectMethodHandle$Holder.invokeVirtual(java.lang.Object, java.lang.Object, long)'> (0x0000000083eddb78) 
thrown [s\src\hotspot\share\interpreter\linkResolver.cpp, line 759]
Event: 8.179 Thread 0x000002b8753e8070 Exception <a 'java/lang/IncompatibleClassChangeError'{0x0000000084d34fd8}: Found class java.lang.Object, but interface was expected> (0x0000000084d34fd8) 
thrown [s\src\hotspot\share\interpreter\linkResolver.cpp, line 826]
Event: 8.402 Thread 0x000002b87899d7b0 Implicit null exception at 0x000002b864bfb16c to 0x000002b864bfb220
Event: 8.749 Thread 0x000002b8753e8070 Implicit null exception at 0x000002b864c0380f to 0x000002b864c03d3c

VM Operations (20 events):
Event: 8.398 Executing VM operation: G1Concurrent
Event: 8.401 Executing VM operation: G1Concurrent done
Event: 8.414 Executing VM operation: G1Concurrent
Event: 8.414 Executing VM operation: G1Concurrent done
Event: 8.431 Executing VM operation: G1TryInitiateConcMark
Event: 8.437 Executing VM operation: G1TryInitiateConcMark done
Event: 8.476 Executing VM operation: G1Concurrent
Event: 8.482 Executing VM operation: G1Concurrent done
Event: 8.501 Executing VM operation: G1Concurrent
Event: 8.502 Executing VM operation: G1Concurrent done
Event: 8.504 Executing VM operation: G1CollectForAllocation
Event: 8.509 Executing VM operation: G1CollectForAllocation done
Event: 8.619 Executing VM operation: G1CollectForAllocation
Event: 8.625 Executing VM operation: G1CollectForAllocation done
Event: 8.663 Executing VM operation: G1Concurrent
Event: 8.668 Executing VM operation: G1Concurrent done
Event: 8.679 Executing VM operation: G1CollectForAllocation
Event: 8.683 Executing VM operation: G1CollectForAllocation done
Event: 8.690 Executing VM operation: G1Concurrent
Event: 8.690 Executing VM operation: G1Concurrent done

Events (20 events):
Event: 8.724 Thread 0x000002b877d1de40 Thread added: 0x000002b877d1de40
Event: 8.725 Thread 0x000002b877d1a950 Thread added: 0x000002b877d1a950
Event: 8.726 Thread 0x000002b877d1e7e0 Thread exited: 0x000002b877d1e7e0
Event: 8.726 Thread 0x000002b87899e150 Thread exited: 0x000002b87899e150
Event: 8.726 Thread 0x000002b87899d7b0 Thread exited: 0x000002b87899d7b0
Event: 8.726 Thread 0x000002b877d1d4a0 Thread exited: 0x000002b877d1d4a0
Event: 8.726 Thread 0x000002b87899dc80 Thread exited: 0x000002b87899dc80
Event: 8.726 Thread 0x000002b87899bfa0 Thread exited: 0x000002b87899bfa0
Event: 8.726 Thread 0x000002b87899b600 Thread exited: 0x000002b87899b600
Event: 8.726 Thread 0x000002b877d1de40 Thread exited: 0x000002b877d1de40
Event: 8.726 Thread 0x000002b877d1a950 Thread exited: 0x000002b877d1a950
Event: 8.726 Thread 0x000002b87899bad0 Thread exited: 0x000002b87899bad0
Event: 8.726 Thread 0x000002b87899c470 Thread exited: 0x000002b87899c470
Event: 8.727 Thread 0x000002b87899d2e0 Thread exited: 0x000002b87899d2e0
Event: 8.727 Thread 0x000002b87899a790 Thread exited: 0x000002b87899a790
Event: 8.727 Thread 0x000002b877d20e60 Thread exited: 0x000002b877d20e60
Event: 8.774 loading class jdk/internal/reflect/UnsafeQualifiedObjectFieldAccessorImpl
Event: 8.774 loading class jdk/internal/reflect/UnsafeQualifiedFieldAccessorImpl
Event: 8.774 loading class jdk/internal/reflect/UnsafeQualifiedFieldAccessorImpl done
Event: 8.774 loading class jdk/internal/reflect/UnsafeQualifiedObjectFieldAccessorImpl done


Dynamic libraries:
0x00007ff6f2160000 - 0x00007ff6f216e000 	C:\Users\PREM KUMAR VAKATI\.p2\pool\plugins\org.eclipse.justj.openjdk.hotspot.jre.full.win32.x86_64_17.0.4.v20220903-1038\jre\bin\javaw.exe
0x00007ffb07400000 - 0x00007ffb07609000 	C:\WINDOWS\SYSTEM32\ntdll.dll
0x00007ffb05410000 - 0x00007ffb054cd000 	C:\WINDOWS\System32\KERNEL32.DLL
0x00007ffb049a0000 - 0x00007ffb04d1c000 	C:\WINDOWS\System32\KERNELBASE.dll
0x00007ffb04d20000 - 0x00007ffb04e31000 	C:\WINDOWS\System32\ucrtbase.dll
0x00007ffafa7d0000 - 0x00007ffafa7e8000 	C:\Users\PREM KUMAR VAKATI\.p2\pool\plugins\org.eclipse.justj.openjdk.hotspot.jre.full.win32.x86_64_17.0.4.v20220903-1038\jre\bin\jli.dll
0x00007ffaf9a30000 - 0x00007ffaf9a49000 	C:\Users\PREM KUMAR VAKATI\.p2\pool\plugins\org.eclipse.justj.openjdk.hotspot.jre.full.win32.x86_64_17.0.4.v20220903-1038\jre\bin\VCRUNTIME140.dll
0x00007ffb06000000 - 0x00007ffb061ad000 	C:\WINDOWS\System32\USER32.dll
0x00007ffb04e40000 - 0x00007ffb04e66000 	C:\WINDOWS\System32\win32u.dll
0x00007ffae9880000 - 0x00007ffae9b25000 	C:\WINDOWS\WinSxS\amd64_microsoft.windows.common-controls_6595b64144ccf1df_6.0.22000.120_none_9d947278b86cc467\COMCTL32.dll
0x00007ffb069d0000 - 0x00007ffb069f9000 	C:\WINDOWS\System32\GDI32.dll
0x00007ffb05d80000 - 0x00007ffb05e23000 	C:\WINDOWS\System32\msvcrt.dll
0x00007ffb05170000 - 0x00007ffb05289000 	C:\WINDOWS\System32\gdi32full.dll
0x00007ffb05060000 - 0x00007ffb050fd000 	C:\WINDOWS\System32\msvcp_win.dll
0x00007ffb068a0000 - 0x00007ffb068d1000 	C:\WINDOWS\System32\IMM32.DLL
0x00007ffafeca0000 - 0x00007ffafecac000 	C:\Users\PREM KUMAR VAKATI\.p2\pool\plugins\org.eclipse.justj.openjdk.hotspot.jre.full.win32.x86_64_17.0.4.v20220903-1038\jre\bin\vcruntime140_1.dll
0x00007ffadcf00000 - 0x00007ffadcf91000 	C:\Users\PREM KUMAR VAKATI\.p2\pool\plugins\org.eclipse.justj.openjdk.hotspot.jre.full.win32.x86_64_17.0.4.v20220903-1038\jre\bin\msvcp140.dll
0x00007ffaaf040000 - 0x00007ffaafc86000 	C:\Users\PREM KUMAR VAKATI\.p2\pool\plugins\org.eclipse.justj.openjdk.hotspot.jre.full.win32.x86_64_17.0.4.v20220903-1038\jre\bin\server\jvm.dll
0x00007ffb06a00000 - 0x00007ffb06aae000 	C:\WINDOWS\System32\ADVAPI32.dll
0x00007ffb05a80000 - 0x00007ffb05b1e000 	C:\WINDOWS\System32\sechost.dll
0x00007ffb05e30000 - 0x00007ffb05f50000 	C:\WINDOWS\System32\RPCRT4.dll
0x00007ffb05b90000 - 0x00007ffb05b98000 	C:\WINDOWS\System32\PSAPI.DLL
0x00007ffadceb0000 - 0x00007ffadceb9000 	C:\WINDOWS\SYSTEM32\WSOCK32.dll
0x00007ffafa570000 - 0x00007ffafa5a3000 	C:\WINDOWS\SYSTEM32\WINMM.dll
0x00007ffafba80000 - 0x00007ffafba8a000 	C:\WINDOWS\SYSTEM32\VERSION.dll
0x00007ffb06ab0000 - 0x00007ffb06b1f000 	C:\WINDOWS\System32\WS2_32.dll
0x00007ffb039d0000 - 0x00007ffb039e8000 	C:\WINDOWS\SYSTEM32\kernel.appcore.dll
0x00007ffafdba0000 - 0x00007ffafdbaa000 	C:\Users\PREM KUMAR VAKATI\.p2\pool\plugins\org.eclipse.justj.openjdk.hotspot.jre.full.win32.x86_64_17.0.4.v20220903-1038\jre\bin\jimage.dll
0x00007ffaff560000 - 0x00007ffaff781000 	C:\WINDOWS\SYSTEM32\DBGHELP.DLL
0x00007ffaef330000 - 0x00007ffaef361000 	C:\WINDOWS\SYSTEM32\dbgcore.DLL
0x00007ffb04e70000 - 0x00007ffb04eef000 	C:\WINDOWS\System32\bcryptPrimitives.dll
0x00007ffacfec0000 - 0x00007ffacfee5000 	C:\Users\PREM KUMAR VAKATI\.p2\pool\plugins\org.eclipse.justj.openjdk.hotspot.jre.full.win32.x86_64_17.0.4.v20220903-1038\jre\bin\java.dll
0x00007ffada410000 - 0x00007ffada428000 	C:\Users\PREM KUMAR VAKATI\.p2\pool\plugins\org.eclipse.justj.openjdk.hotspot.jre.full.win32.x86_64_17.0.4.v20220903-1038\jre\bin\zip.dll
0x00007ffb06c00000 - 0x00007ffb073b8000 	C:\WINDOWS\System32\SHELL32.dll
0x00007ffb02a40000 - 0x00007ffb032a8000 	C:\WINDOWS\SYSTEM32\windows.storage.dll
0x00007ffb054d0000 - 0x00007ffb05849000 	C:\WINDOWS\System32\combase.dll
0x00007ffb028d0000 - 0x00007ffb02a36000 	C:\WINDOWS\SYSTEM32\wintypes.dll
0x00007ffb05290000 - 0x00007ffb0537a000 	C:\WINDOWS\System32\SHCORE.dll
0x00007ffb05b20000 - 0x00007ffb05b7d000 	C:\WINDOWS\System32\shlwapi.dll
0x00007ffb04810000 - 0x00007ffb04831000 	C:\WINDOWS\SYSTEM32\profapi.dll
0x00007ffada1f0000 - 0x00007ffada209000 	C:\Users\PREM KUMAR VAKATI\.p2\pool\plugins\org.eclipse.justj.openjdk.hotspot.jre.full.win32.x86_64_17.0.4.v20220903-1038\jre\bin\net.dll
0x00007ffafb7a0000 - 0x00007ffafb8ac000 	C:\WINDOWS\SYSTEM32\WINHTTP.dll
0x00007ffb03e00000 - 0x00007ffb03e67000 	C:\WINDOWS\system32\mswsock.dll
0x00007ffad8060000 - 0x00007ffad8075000 	C:\Users\PREM KUMAR VAKATI\.p2\pool\plugins\org.eclipse.justj.openjdk.hotspot.jre.full.win32.x86_64_17.0.4.v20220903-1038\jre\bin\nio.dll
0x00007ffafd1f0000 - 0x00007ffafd200000 	C:\Users\PREM KUMAR VAKATI\.p2\pool\plugins\org.eclipse.justj.openjdk.hotspot.jre.full.win32.x86_64_17.0.4.v20220903-1038\jre\bin\verify.dll
0x00007ffafa7c0000 - 0x00007ffafa7c9000 	C:\Users\PREM KUMAR VAKATI\.p2\pool\plugins\org.eclipse.justj.openjdk.hotspot.jre.full.win32.x86_64_17.0.4.v20220903-1038\jre\bin\management.dll
0x00007ffaf9a20000 - 0x00007ffaf9a2b000 	C:\Users\PREM KUMAR VAKATI\.p2\pool\plugins\org.eclipse.justj.openjdk.hotspot.jre.full.win32.x86_64_17.0.4.v20220903-1038\jre\bin\management_ext.dll
0x00007ffad2660000 - 0x00007ffad2677000 	C:\WINDOWS\system32\napinsp.dll
0x00007ffad1380000 - 0x00007ffad139b000 	C:\WINDOWS\system32\pnrpnsp.dll
0x00007ffb03570000 - 0x00007ffb03658000 	C:\WINDOWS\SYSTEM32\DNSAPI.dll
0x00007ffb03500000 - 0x00007ffb0352d000 	C:\WINDOWS\SYSTEM32\IPHLPAPI.DLL
0x00007ffb05f50000 - 0x00007ffb05f59000 	C:\WINDOWS\System32\NSI.dll
0x00007ffad1170000 - 0x00007ffad1182000 	C:\WINDOWS\System32\winrnr.dll
0x00007ffafa180000 - 0x00007ffafa195000 	C:\WINDOWS\system32\wshbth.dll
0x00007ffad1150000 - 0x00007ffad116f000 	C:\WINDOWS\system32\nlansp_c.dll
0x00007ffaf06a0000 - 0x00007ffaf06aa000 	C:\Windows\System32\rasadhlp.dll
0x00007ffaf8a10000 - 0x00007ffaf8a91000 	C:\WINDOWS\System32\fwpuclnt.dll
0x00007ffb04040000 - 0x00007ffb04058000 	C:\WINDOWS\SYSTEM32\CRYPTSP.dll
0x00007ffb03930000 - 0x00007ffb03965000 	C:\WINDOWS\system32\rsaenh.dll
0x00007ffb03ef0000 - 0x00007ffb03f19000 	C:\WINDOWS\SYSTEM32\USERENV.dll
0x00007ffb041d0000 - 0x00007ffb041f7000 	C:\WINDOWS\SYSTEM32\bcrypt.dll
0x00007ffb04060000 - 0x00007ffb0406c000 	C:\WINDOWS\SYSTEM32\CRYPTBASE.dll
0x00007ffafb360000 - 0x00007ffafb379000 	C:\WINDOWS\SYSTEM32\dhcpcsvc6.DLL
0x00007ffafc190000 - 0x00007ffafc1ae000 	C:\WINDOWS\SYSTEM32\dhcpcsvc.DLL
0x00007ffaf9940000 - 0x00007ffaf994e000 	C:\Users\PREM KUMAR VAKATI\.p2\pool\plugins\org.eclipse.justj.openjdk.hotspot.jre.full.win32.x86_64_17.0.4.v20220903-1038\jre\bin\sunmscapi.dll
0x00007ffb04ef0000 - 0x00007ffb05052000 	C:\WINDOWS\System32\CRYPT32.dll
0x00007ffb041a0000 - 0x00007ffb041c8000 	C:\WINDOWS\SYSTEM32\ncrypt.dll
0x00007ffb04160000 - 0x00007ffb04197000 	C:\WINDOWS\SYSTEM32\NTASN1.dll

dbghelp: loaded successfully - version: 4.0.5 - missing functions: none
symbol engine: initialized successfully - sym options: 0x614 - pdb path: .;C:\Users\PREM KUMAR VAKATI\.p2\pool\plugins\org.eclipse.justj.openjdk.hotspot.jre.full.win32.x86_64_17.0.4.v20220903-1038\jre\bin;C:\WINDOWS\SYSTEM32;C:\WINDOWS\WinSxS\amd64_microsoft.windows.common-controls_6595b64144ccf1df_6.0.22000.120_none_9d947278b86cc467;C:\Users\PREM KUMAR VAKATI\.p2\pool\plugins\org.eclipse.justj.openjdk.hotspot.jre.full.win32.x86_64_17.0.4.v20220903-1038\jre\bin\server

VM Arguments:
jvm_args: -Dfile.encoding=UTF-8 -XX:+ShowCodeDetailsInExceptionMessages 
java_command: com.abacus.academy.AbacusApplication
java_class_path (initial): C:\Users\PREM KUMAR VAKATI\Downloads\AbacusBackend (1)\target\classes;C:\Users\PREM KUMAR VAKATI\.m2\repository\org\springframework\boot\spring-boot-starter-data-jpa\2.7.3\spring-boot-starter-data-jpa-2.7.3.jar;C:\Users\PREM KUMAR VAKATI\.m2\repository\org\springframework\boot\spring-boot-starter-aop\2.7.3\spring-boot-starter-aop-2.7.3.jar;C:\Users\PREM KUMAR VAKATI\.m2\repository\org\springframework\spring-aop\5.3.22\spring-aop-5.3.22.jar;C:\Users\PREM KUMAR VAKATI\.m2\repository\org\aspectj\aspectjweaver\1.9.7\aspectjweaver-1.9.7.jar;C:\Users\PREM KUMAR VAKATI\.m2\repository\org\springframework\boot\spring-boot-starter-jdbc\2.7.3\spring-boot-starter-jdbc-2.7.3.jar;C:\Users\PREM KUMAR VAKATI\.m2\repository\com\zaxxer\HikariCP\4.0.3\HikariCP-4.0.3.jar;C:\Users\PREM KUMAR VAKATI\.m2\repository\org\springframework\spring-jdbc\5.3.22\spring-jdbc-5.3.22.jar;C:\Users\PREM KUMAR VAKATI\.m2\repository\jakarta\transaction\jakarta.transaction-api\1.3.3\jakarta.transaction-api-1.3.3.jar;C:\Users\PREM KUMAR VAKATI\.m2\repository\jakarta\persistence\jakarta.persistence-api\2.2.3\jakarta.persistence-api-2.2.3.jar;C:\Users\PREM KUMAR VAKATI\.m2\repository\org\hibernate\hibernate-core\5.6.10.Final\hibernate-core-5.6.10.Final.jar;C:\Users\PREM KUMAR VAKATI\.m2\repository\org\jboss\logging\jboss-logging\3.4.3.Final\jboss-logging-3.4.3.Final.jar;C:\Users\PREM KUMAR VAKATI\.m2\repository\net\bytebuddy\byte-buddy\1.12.13\byte-buddy-1.12.13.jar;C:\Users\PREM KUMAR VAKATI\.m2\repository\antlr\antlr\2.7.7\antlr-2.7.7.jar;C:\Users\PREM KUMAR VAKATI\.m2\repository\org\jboss\jandex\2.4.2.Final\jandex-2.4.2.Final.jar;C:\Users\PREM KUMAR VAKATI\.m2\repository\com\fasterxml\classmate\1.5.1\classmate-1.5.1.jar;C:\Users\PREM KUMAR VAKATI\.m2\repository\org\hibernate\common\hibernate-commons-annotations\5.1.2.Final\hibernate-commons-annotations-5.1.2.Final.jar;C:\Users\PREM KUMAR VAKATI\.m2\repository\org\glassfish\jaxb\jaxb-runtime\2.3.6\jaxb-runtime-2.3.6.jar;C:\User
Launcher Type: SUN_STANDARD

[Global flags]
     intx CICompilerCount                          = 4                                         {product} {ergonomic}
     uint ConcGCThreads                            = 2                                         {product} {ergonomic}
     uint G1ConcRefinementThreads                  = 8                                         {product} {ergonomic}
   size_t G1HeapRegionSize                         = 1048576                                   {product} {ergonomic}
    uintx GCDrainStackTargetSize                   = 64                                        {product} {ergonomic}
   size_t InitialHeapSize                          = 134217728                                 {product} {ergonomic}
   size_t MarkStackSize                            = 4194304                                   {product} {ergonomic}
   size_t MaxHeapSize                              = 2118123520                                {product} {ergonomic}
   size_t MaxNewSize                               = 1270874112                                {product} {ergonomic}
   size_t MinHeapDeltaBytes                        = 1048576                                   {product} {ergonomic}
   size_t MinHeapSize                              = 8388608                                   {product} {ergonomic}
    uintx NonNMethodCodeHeapSize                   = 5839372                                {pd product} {ergonomic}
    uintx NonProfiledCodeHeapSize                  = 122909434                              {pd product} {ergonomic}
    uintx ProfiledCodeHeapSize                     = 122909434                              {pd product} {ergonomic}
    uintx ReservedCodeCacheSize                    = 251658240                              {pd product} {ergonomic}
     bool SegmentedCodeCache                       = true                                      {product} {ergonomic}
     bool ShowCodeDetailsInExceptionMessages       = true                                   {manageable} {command line}
   size_t SoftMaxHeapSize                          = 2118123520                             {manageable} {ergonomic}
     bool UseCompressedClassPointers               = true                           {product lp64_product} {ergonomic}
     bool UseCompressedOops                        = true                           {product lp64_product} {ergonomic}
     bool UseG1GC                                  = true                                      {product} {ergonomic}
     bool UseLargePagesIndividualAllocation        = false                                  {pd product} {ergonomic}

Logging:
Log output configuration:
 #0: stdout all=warning uptime,level,tags
 #1: stderr all=off uptime,level,tags

Environment Variables:
PATH=C:/Users/PREM KUMAR VAKATI/.p2/pool/plugins/org.eclipse.justj.openjdk.hotspot.jre.full.win32.x86_64_17.0.4.v20220903-1038/jre/bin/server;C:/Users/PREM KUMAR VAKATI/.p2/pool/plugins/org.eclipse.justj.openjdk.hotspot.jre.full.win32.x86_64_17.0.4.v20220903-1038/jre/bin;C:\ProgramData\Oracle\Java\javapath;G:\oracle\product\10.2.0\db_1\bin;C:\windows\system32;C:\windows;C:\windows\System32\Wbem;C:\windows\System32\WindowsPowerShell\v1.0\;C:\windows\System32\OpenSSH\;C:\Program Files (x86)\NVIDIA Corporation\PhysX\Common;C:\Program Files\Intel\WiFi\bin\;C:\Program Files\Common Files\Intel\WirelessCommon\;C:\WINDOWS\system32;C:\WINDOWS;C:\WINDOWS\System32\Wbem;C:\WINDOWS\System32\WindowsPowerShell\v1.0\;C:\WINDOWS\System32\OpenSSH\;C:\Program Files\Java\jdk-17.0.2\bin;C:\Program Files\Java\jdk1.8.0_91\bin;C:\Program Files\nodejs\;C:\Program Files\Git\cmd;C:\Program Files\MySQL\MySQL Shell 8.0\bin\;C:\Users\PREM KUMAR VAKATI\AppData\Local\Microsoft\WindowsApps;;C:\Program Files\JetBrains\IntelliJ IDEA 2022.2.2\bin;;C:\Users\PREM KUMAR VAKATI\AppData\Local\Programs\Microsoft VS Code\bin;C:\Users\PREM KUMAR VAKATI\AppData\Roaming\npm;C:\WINDOWS\system32;
USERNAME=PREM KUMAR VAKATI
OS=Windows_NT
PROCESSOR_IDENTIFIER=Intel64 Family 6 Model 142 Stepping 11, GenuineIntel
TMP=C:\Users\PREMKU~1\AppData\Local\Temp
TEMP=C:\Users\PREMKU~1\AppData\Local\Temp



---------------  S Y S T E M  ---------------

OS:
 Windows 11 , 64 bit Build 22000 (10.0.22000.708)
OS uptime: 0 days 1:51 hours

CPU: total 8 (initial active 8) (4 cores per cpu, 2 threads per core) family 6 model 142 stepping 11 microcode 0xde, cx8, cmov, fxsr, ht, mmx, 3dnowpref, sse, sse2, sse3, ssse3, sse4.1, sse4.2, popcnt, lzcnt, tsc, tscinvbit, avx, avx2, aes, erms, clmul, bmi1, bmi2, adx, fma, vzeroupper, clflush, clflushopt

Memory: 4k page, system-wide physical 8079M (673M free)
TotalPageFile size 10795M (AvailPageFile size 9M)
current process WorkingSet (physical memory assigned to process): 315M, peak: 315M
current process commit charge ("private bytes"): 346M, peak: 352M

vm_info: OpenJDK 64-Bit Server VM (17.0.4.1+1) for windows-amd64 JRE (17.0.4.1+1), built on Aug 17 2022 07:42:43 by "temurin" with MS VC++ 16.7 (VS2019)

END.
